  pch.cpp
  Adresse.cpp
  Article.cpp
  AssemblyInfo.cpp
  Auth.cpp
  BDDload.cpp
  BDDservice.cpp
  Choix.cpp
  Client.cpp
  Commande.cpp
  MyForm.cpp
  Paiement.cpp
  Personnel.cpp
  Génération de code en cours...
  Adresse.obj : module MSIL détecté ; liens incrémentiels désactivés pour MSIL ; édition de liens complète en cours
Personnel.obj : error LNK2005: "public: void __clrcall NS_BDD::Authentification::setId(int)" (?setId@Authentification@NS_BDD@@$$FQE$AAMXH@Z) déjà défini(e) dans Auth.obj
Personnel.obj : error LNK2005: "public: void __clrcall NS_BDD::Authentification::setEmail(class System::String ^)" (?setEmail@Authentification@NS_BDD@@$$FQE$AAMXPE$AAVString@System@@@Z) déjà défini(e) dans Auth.obj
Personnel.obj : error LNK2005: "public: void __clrcall NS_BDD::Authentification::setMdp(class System::String ^)" (?setMdp@Authentification@NS_BDD@@$$FQE$AAMXPE$AAVString@System@@@Z) déjà défini(e) dans Auth.obj
Personnel.obj : error LNK2005: "public: int __clrcall NS_BDD::Authentification::getId(void)" (?getId@Authentification@NS_BDD@@$$FQE$AAMHXZ) déjà défini(e) dans Auth.obj
Personnel.obj : error LNK2005: "public: class System::String ^ __clrcall NS_BDD::Authentification::getEmail(void)" (?getEmail@Authentification@NS_BDD@@$$FQE$AAMPE$AAVString@System@@XZ) déjà défini(e) dans Auth.obj
Personnel.obj : error LNK2005: "public: class System::String ^ __clrcall NS_BDD::Authentification::getMdp(void)" (?getMdp@Authentification@NS_BDD@@$$FQE$AAMPE$AAVString@System@@XZ) déjà défini(e) dans Auth.obj
Personnel.obj : error LNK2020: jeton non résolu (06000020) NS_BDDservice.BDDservice::Afficher
pch.obj : error LNK2020: jeton non résolu (06000020) NS_BDDservice.BDDservice::Afficher
Paiement.obj : error LNK2020: jeton non résolu (06000020) NS_BDDservice.BDDservice::Afficher
MyForm.obj : error LNK2020: jeton non résolu (06000020) NS_BDDservice.BDDservice::Afficher
Commande.obj : error LNK2020: jeton non résolu (06000020) NS_BDDservice.BDDservice::Afficher
Client.obj : error LNK2020: jeton non résolu (06000020) NS_BDDservice.BDDservice::Afficher
Choix.obj : error LNK2020: jeton non résolu (06000020) NS_BDDservice.BDDservice::Afficher
BDDservice.obj : error LNK2020: jeton non résolu (06000020) NS_BDDservice.BDDservice::Afficher
BDDload.obj : error LNK2020: jeton non résolu (06000020) NS_BDDservice.BDDservice::Afficher
Auth.obj : error LNK2020: jeton non résolu (06000020) NS_BDDservice.BDDservice::Afficher
AssemblyInfo.obj : error LNK2020: jeton non résolu (06000020) NS_BDDservice.BDDservice::Afficher
Article.obj : error LNK2020: jeton non résolu (06000020) NS_BDDservice.BDDservice::Afficher
Adresse.obj : error LNK2020: jeton non résolu (06000020) NS_BDDservice.BDDservice::Afficher
Personnel.obj : error LNK2020: jeton non résolu (06000027) NS_BDD.Personnel::set_id_personnel
pch.obj : error LNK2020: jeton non résolu (06000027) NS_BDD.Personnel::set_id_personnel
Paiement.obj : error LNK2020: jeton non résolu (06000027) NS_BDD.Personnel::set_id_personnel
MyForm.obj : error LNK2020: jeton non résolu (06000027) NS_BDD.Personnel::set_id_personnel
Commande.obj : error LNK2020: jeton non résolu (06000027) NS_BDD.Personnel::set_id_personnel
Client.obj : error LNK2020: jeton non résolu (06000027) NS_BDD.Personnel::set_id_personnel
Choix.obj : error LNK2020: jeton non résolu (06000027) NS_BDD.Personnel::set_id_personnel
BDDservice.obj : error LNK2020: jeton non résolu (06000027) NS_BDD.Personnel::set_id_personnel
BDDload.obj : error LNK2020: jeton non résolu (06000027) NS_BDD.Personnel::set_id_personnel
Auth.obj : error LNK2020: jeton non résolu (06000027) NS_BDD.Personnel::set_id_personnel
AssemblyInfo.obj : error LNK2020: jeton non résolu (06000027) NS_BDD.Personnel::set_id_personnel
Article.obj : error LNK2020: jeton non résolu (06000027) NS_BDD.Personnel::set_id_personnel
Adresse.obj : error LNK2020: jeton non résolu (06000027) NS_BDD.Personnel::set_id_personnel
Personnel.obj : error LNK2020: jeton non résolu (06000028) NS_BDD.Personnel::set_nom
pch.obj : error LNK2020: jeton non résolu (06000028) NS_BDD.Personnel::set_nom
Paiement.obj : error LNK2020: jeton non résolu (06000028) NS_BDD.Personnel::set_nom
MyForm.obj : error LNK2020: jeton non résolu (06000028) NS_BDD.Personnel::set_nom
Commande.obj : error LNK2020: jeton non résolu (06000028) NS_BDD.Personnel::set_nom
Client.obj : error LNK2020: jeton non résolu (06000028) NS_BDD.Personnel::set_nom
Choix.obj : error LNK2020: jeton non résolu (06000028) NS_BDD.Personnel::set_nom
BDDservice.obj : error LNK2020: jeton non résolu (06000028) NS_BDD.Personnel::set_nom
BDDload.obj : error LNK2020: jeton non résolu (06000028) NS_BDD.Personnel::set_nom
Auth.obj : error LNK2020: jeton non résolu (06000028) NS_BDD.Personnel::set_nom
AssemblyInfo.obj : error LNK2020: jeton non résolu (06000028) NS_BDD.Personnel::set_nom
Article.obj : error LNK2020: jeton non résolu (06000028) NS_BDD.Personnel::set_nom
Adresse.obj : error LNK2020: jeton non résolu (06000028) NS_BDD.Personnel::set_nom
Personnel.obj : error LNK2020: jeton non résolu (06000029) NS_BDD.Personnel::set_prenom
pch.obj : error LNK2020: jeton non résolu (06000029) NS_BDD.Personnel::set_prenom
Paiement.obj : error LNK2020: jeton non résolu (06000029) NS_BDD.Personnel::set_prenom
MyForm.obj : error LNK2020: jeton non résolu (06000029) NS_BDD.Personnel::set_prenom
Commande.obj : error LNK2020: jeton non résolu (06000029) NS_BDD.Personnel::set_prenom
Client.obj : error LNK2020: jeton non résolu (06000029) NS_BDD.Personnel::set_prenom
Choix.obj : error LNK2020: jeton non résolu (06000029) NS_BDD.Personnel::set_prenom
BDDservice.obj : error LNK2020: jeton non résolu (06000029) NS_BDD.Personnel::set_prenom
BDDload.obj : error LNK2020: jeton non résolu (06000029) NS_BDD.Personnel::set_prenom
Auth.obj : error LNK2020: jeton non résolu (06000029) NS_BDD.Personnel::set_prenom
AssemblyInfo.obj : error LNK2020: jeton non résolu (06000029) NS_BDD.Personnel::set_prenom
Article.obj : error LNK2020: jeton non résolu (06000029) NS_BDD.Personnel::set_prenom
Adresse.obj : error LNK2020: jeton non résolu (06000029) NS_BDD.Personnel::set_prenom
Personnel.obj : error LNK2020: jeton non résolu (0600002A) NS_BDD.Personnel::set_date_embauche
pch.obj : error LNK2020: jeton non résolu (0600002A) NS_BDD.Personnel::set_date_embauche
Paiement.obj : error LNK2020: jeton non résolu (0600002A) NS_BDD.Personnel::set_date_embauche
MyForm.obj : error LNK2020: jeton non résolu (0600002A) NS_BDD.Personnel::set_date_embauche
Commande.obj : error LNK2020: jeton non résolu (0600002A) NS_BDD.Personnel::set_date_embauche
Client.obj : error LNK2020: jeton non résolu (0600002A) NS_BDD.Personnel::set_date_embauche
Choix.obj : error LNK2020: jeton non résolu (0600002A) NS_BDD.Personnel::set_date_embauche
BDDservice.obj : error LNK2020: jeton non résolu (0600002A) NS_BDD.Personnel::set_date_embauche
BDDload.obj : error LNK2020: jeton non résolu (0600002A) NS_BDD.Personnel::set_date_embauche
Auth.obj : error LNK2020: jeton non résolu (0600002A) NS_BDD.Personnel::set_date_embauche
AssemblyInfo.obj : error LNK2020: jeton non résolu (0600002A) NS_BDD.Personnel::set_date_embauche
Article.obj : error LNK2020: jeton non résolu (0600002A) NS_BDD.Personnel::set_date_embauche
Adresse.obj : error LNK2020: jeton non résolu (0600002A) NS_BDD.Personnel::set_date_embauche
Personnel.obj : error LNK2020: jeton non résolu (0600002B) NS_BDD.Personnel::set_superieur
pch.obj : error LNK2020: jeton non résolu (0600002B) NS_BDD.Personnel::set_superieur
Paiement.obj : error LNK2020: jeton non résolu (0600002B) NS_BDD.Personnel::set_superieur
MyForm.obj : error LNK2020: jeton non résolu (0600002B) NS_BDD.Personnel::set_superieur
Commande.obj : error LNK2020: jeton non résolu (0600002B) NS_BDD.Personnel::set_superieur
Client.obj : error LNK2020: jeton non résolu (0600002B) NS_BDD.Personnel::set_superieur
Choix.obj : error LNK2020: jeton non résolu (0600002B) NS_BDD.Personnel::set_superieur
BDDservice.obj : error LNK2020: jeton non résolu (0600002B) NS_BDD.Personnel::set_superieur
BDDload.obj : error LNK2020: jeton non résolu (0600002B) NS_BDD.Personnel::set_superieur
Auth.obj : error LNK2020: jeton non résolu (0600002B) NS_BDD.Personnel::set_superieur
AssemblyInfo.obj : error LNK2020: jeton non résolu (0600002B) NS_BDD.Personnel::set_superieur
Article.obj : error LNK2020: jeton non résolu (0600002B) NS_BDD.Personnel::set_superieur
Adresse.obj : error LNK2020: jeton non résolu (0600002B) NS_BDD.Personnel::set_superieur
Personnel.obj : error LNK2020: jeton non résolu (0600002F) NS_BDD.Personnel::Supprimer
pch.obj : error LNK2020: jeton non résolu (0600002F) NS_BDD.Personnel::Supprimer
Paiement.obj : error LNK2020: jeton non résolu (0600002F) NS_BDD.Personnel::Supprimer
MyForm.obj : error LNK2020: jeton non résolu (0600002F) NS_BDD.Personnel::Supprimer
Commande.obj : error LNK2020: jeton non résolu (0600002F) NS_BDD.Personnel::Supprimer
Client.obj : error LNK2020: jeton non résolu (0600002F) NS_BDD.Personnel::Supprimer
Choix.obj : error LNK2020: jeton non résolu (0600002F) NS_BDD.Personnel::Supprimer
BDDservice.obj : error LNK2020: jeton non résolu (0600002F) NS_BDD.Personnel::Supprimer
BDDload.obj : error LNK2020: jeton non résolu (0600002F) NS_BDD.Personnel::Supprimer
Auth.obj : error LNK2020: jeton non résolu (0600002F) NS_BDD.Personnel::Supprimer
AssemblyInfo.obj : error LNK2020: jeton non résolu (0600002F) NS_BDD.Personnel::Supprimer
Article.obj : error LNK2020: jeton non résolu (0600002F) NS_BDD.Personnel::Supprimer
Adresse.obj : error LNK2020: jeton non résolu (0600002F) NS_BDD.Personnel::Supprimer
Personnel.obj : error LNK2020: jeton non résolu (06000030) NS_BDD.Personnel::get_id_personnel
pch.obj : error LNK2020: jeton non résolu (06000030) NS_BDD.Personnel::get_id_personnel
Paiement.obj : error LNK2020: jeton non résolu (06000030) NS_BDD.Personnel::get_id_personnel
MyForm.obj : error LNK2020: jeton non résolu (06000030) NS_BDD.Personnel::get_id_personnel
Commande.obj : error LNK2020: jeton non résolu (06000030) NS_BDD.Personnel::get_id_personnel
Client.obj : error LNK2020: jeton non résolu (06000030) NS_BDD.Personnel::get_id_personnel
Choix.obj : error LNK2020: jeton non résolu (06000030) NS_BDD.Personnel::get_id_personnel
BDDservice.obj : error LNK2020: jeton non résolu (06000030) NS_BDD.Personnel::get_id_personnel
BDDload.obj : error LNK2020: jeton non résolu (06000030) NS_BDD.Personnel::get_id_personnel
Auth.obj : error LNK2020: jeton non résolu (06000030) NS_BDD.Personnel::get_id_personnel
AssemblyInfo.obj : error LNK2020: jeton non résolu (06000030) NS_BDD.Personnel::get_id_personnel
Article.obj : error LNK2020: jeton non résolu (06000030) NS_BDD.Personnel::get_id_personnel
Adresse.obj : error LNK2020: jeton non résolu (06000030) NS_BDD.Personnel::get_id_personnel
Personnel.obj : error LNK2020: jeton non résolu (06000031) NS_BDD.Personnel::get_nom
pch.obj : error LNK2020: jeton non résolu (06000031) NS_BDD.Personnel::get_nom
Paiement.obj : error LNK2020: jeton non résolu (06000031) NS_BDD.Personnel::get_nom
MyForm.obj : error LNK2020: jeton non résolu (06000031) NS_BDD.Personnel::get_nom
Commande.obj : error LNK2020: jeton non résolu (06000031) NS_BDD.Personnel::get_nom
Client.obj : error LNK2020: jeton non résolu (06000031) NS_BDD.Personnel::get_nom
Choix.obj : error LNK2020: jeton non résolu (06000031) NS_BDD.Personnel::get_nom
BDDservice.obj : error LNK2020: jeton non résolu (06000031) NS_BDD.Personnel::get_nom
BDDload.obj : error LNK2020: jeton non résolu (06000031) NS_BDD.Personnel::get_nom
Auth.obj : error LNK2020: jeton non résolu (06000031) NS_BDD.Personnel::get_nom
AssemblyInfo.obj : error LNK2020: jeton non résolu (06000031) NS_BDD.Personnel::get_nom
Article.obj : error LNK2020: jeton non résolu (06000031) NS_BDD.Personnel::get_nom
Adresse.obj : error LNK2020: jeton non résolu (06000031) NS_BDD.Personnel::get_nom
Personnel.obj : error LNK2020: jeton non résolu (06000032) NS_BDD.Personnel::get_prenom
pch.obj : error LNK2020: jeton non résolu (06000032) NS_BDD.Personnel::get_prenom
Paiement.obj : error LNK2020: jeton non résolu (06000032) NS_BDD.Personnel::get_prenom
MyForm.obj : error LNK2020: jeton non résolu (06000032) NS_BDD.Personnel::get_prenom
Commande.obj : error LNK2020: jeton non résolu (06000032) NS_BDD.Personnel::get_prenom
Client.obj : error LNK2020: jeton non résolu (06000032) NS_BDD.Personnel::get_prenom
Choix.obj : error LNK2020: jeton non résolu (06000032) NS_BDD.Personnel::get_prenom
BDDservice.obj : error LNK2020: jeton non résolu (06000032) NS_BDD.Personnel::get_prenom
BDDload.obj : error LNK2020: jeton non résolu (06000032) NS_BDD.Personnel::get_prenom
Auth.obj : error LNK2020: jeton non résolu (06000032) NS_BDD.Personnel::get_prenom
AssemblyInfo.obj : error LNK2020: jeton non résolu (06000032) NS_BDD.Personnel::get_prenom
Article.obj : error LNK2020: jeton non résolu (06000032) NS_BDD.Personnel::get_prenom
Adresse.obj : error LNK2020: jeton non résolu (06000032) NS_BDD.Personnel::get_prenom
Personnel.obj : error LNK2020: jeton non résolu (06000033) NS_BDD.Personnel::get_date_embauche
pch.obj : error LNK2020: jeton non résolu (06000033) NS_BDD.Personnel::get_date_embauche
Paiement.obj : error LNK2020: jeton non résolu (06000033) NS_BDD.Personnel::get_date_embauche
MyForm.obj : error LNK2020: jeton non résolu (06000033) NS_BDD.Personnel::get_date_embauche
Commande.obj : error LNK2020: jeton non résolu (06000033) NS_BDD.Personnel::get_date_embauche
Client.obj : error LNK2020: jeton non résolu (06000033) NS_BDD.Personnel::get_date_embauche
Choix.obj : error LNK2020: jeton non résolu (06000033) NS_BDD.Personnel::get_date_embauche
BDDservice.obj : error LNK2020: jeton non résolu (06000033) NS_BDD.Personnel::get_date_embauche
BDDload.obj : error LNK2020: jeton non résolu (06000033) NS_BDD.Personnel::get_date_embauche
Auth.obj : error LNK2020: jeton non résolu (06000033) NS_BDD.Personnel::get_date_embauche
AssemblyInfo.obj : error LNK2020: jeton non résolu (06000033) NS_BDD.Personnel::get_date_embauche
Article.obj : error LNK2020: jeton non résolu (06000033) NS_BDD.Personnel::get_date_embauche
Adresse.obj : error LNK2020: jeton non résolu (06000033) NS_BDD.Personnel::get_date_embauche
Personnel.obj : error LNK2020: jeton non résolu (06000034) NS_BDD.Personnel::get_superieur
pch.obj : error LNK2020: jeton non résolu (06000034) NS_BDD.Personnel::get_superieur
Paiement.obj : error LNK2020: jeton non résolu (06000034) NS_BDD.Personnel::get_superieur
MyForm.obj : error LNK2020: jeton non résolu (06000034) NS_BDD.Personnel::get_superieur
Commande.obj : error LNK2020: jeton non résolu (06000034) NS_BDD.Personnel::get_superieur
Client.obj : error LNK2020: jeton non résolu (06000034) NS_BDD.Personnel::get_superieur
Choix.obj : error LNK2020: jeton non résolu (06000034) NS_BDD.Personnel::get_superieur
BDDservice.obj : error LNK2020: jeton non résolu (06000034) NS_BDD.Personnel::get_superieur
BDDload.obj : error LNK2020: jeton non résolu (06000034) NS_BDD.Personnel::get_superieur
Auth.obj : error LNK2020: jeton non résolu (06000034) NS_BDD.Personnel::get_superieur
AssemblyInfo.obj : error LNK2020: jeton non résolu (06000034) NS_BDD.Personnel::get_superieur
Article.obj : error LNK2020: jeton non résolu (06000034) NS_BDD.Personnel::get_superieur
Adresse.obj : error LNK2020: jeton non résolu (06000034) NS_BDD.Personnel::get_superieur
Paiement.obj : error LNK2020: jeton non résolu (06000043) NS_BDD.Paiement::get_date_embauche
C:\Users\kylia\Desktop\Bloc POO\Projet\x64\Debug\Projet.exe : fatal error LNK1120: 157 externes non résolus
